0 info it worked if it ends with ok
1 verbose cli [ '/usr/local/Cellar/node/4.1.1/bin/node',
1 verbose cli   '/usr/local/bin/npm',
1 verbose cli   'install',
1 verbose cli   '-g',
1 verbose cli   'firebase-tools' ]
2 info using npm@2.14.4
3 info using node@v4.1.1
4 verbose install initial load of /usr/local/lib/package.json
5 verbose readDependencies loading dependencies from /usr/local/lib/package.json
6 silly cache add args [ 'firebase-tools', null ]
7 verbose cache add spec firebase-tools
8 silly cache add parsed spec Result {
8 silly cache add   raw: 'firebase-tools',
8 silly cache add   scope: null,
8 silly cache add   name: 'firebase-tools',
8 silly cache add   rawSpec: '',
8 silly cache add   spec: '*',
8 silly cache add   type: 'range' }
9 silly addNamed firebase-tools@*
10 verbose addNamed "*" is a valid semver range for firebase-tools
11 silly addNameRange { name: 'firebase-tools', range: '*', hasData: false }
12 silly mapToRegistry name firebase-tools
13 silly mapToRegistry using default registry
14 silly mapToRegistry registry https://registry.npmjs.org/
15 silly mapToRegistry uri https://registry.npmjs.org/firebase-tools
16 verbose addNameRange registry:https://registry.npmjs.org/firebase-tools not in flight; fetching
17 verbose request uri https://registry.npmjs.org/firebase-tools
18 verbose request no auth needed
19 info attempt registry request try #1 at 4:19:57 PM
20 verbose request id 132296319019cf53
21 verbose etag "9Y6VU3TIQ28JY2WIJ9SRK4UL2"
22 http request GET https://registry.npmjs.org/firebase-tools
23 http 304 https://registry.npmjs.org/firebase-tools
24 silly get cb [ 304,
24 silly get   { date: 'Thu, 08 Oct 2015 20:19:59 GMT',
24 silly get     via: '1.1 varnish',
24 silly get     'cache-control': 'max-age=60',
24 silly get     etag: '"9Y6VU3TIQ28JY2WIJ9SRK4UL2"',
24 silly get     age: '0',
24 silly get     connection: 'keep-alive',
24 silly get     'x-served-by': 'cache-atl6221-ATL',
24 silly get     'x-cache': 'HIT',
24 silly get     'x-cache-hits': '1',
24 silly get     'x-timer': 'S1444335599.549555,VS0,VE93',
24 silly get     vary: 'Accept' } ]
25 verbose etag https://registry.npmjs.org/firebase-tools from cache
26 verbose get saving firebase-tools to /Users/ryu1031/.npm/registry.npmjs.org/firebase-tools/.cache.json
27 silly addNameRange number 2 { name: 'firebase-tools', range: '*', hasData: true }
28 silly addNameRange versions [ 'firebase-tools',
28 silly addNameRange   [ '0.0.1',
28 silly addNameRange     '0.0.2',
28 silly addNameRange     '0.0.3',
28 silly addNameRange     '0.0.4',
28 silly addNameRange     '0.0.5',
28 silly addNameRange     '0.0.6',
28 silly addNameRange     '0.1.0',
28 silly addNameRange     '0.1.1',
28 silly addNameRange     '0.1.2',
28 silly addNameRange     '0.1.3',
28 silly addNameRange     '0.1.4',
28 silly addNameRange     '0.1.5',
28 silly addNameRange     '0.1.6',
28 silly addNameRange     '0.2.0',
28 silly addNameRange     '0.3.0',
28 silly addNameRange     '0.4.0',
28 silly addNameRange     '0.5.0',
28 silly addNameRange     '1.0.0',
28 silly addNameRange     '1.0.1',
28 silly addNameRange     '1.0.2',
28 silly addNameRange     '1.0.3',
28 silly addNameRange     '1.0.4',
28 silly addNameRange     '1.0.5',
28 silly addNameRange     '1.0.6',
28 silly addNameRange     '1.1.0',
28 silly addNameRange     '1.1.1',
28 silly addNameRange     '1.1.2',
28 silly addNameRange     '1.1.3',
28 silly addNameRange     '1.1.4',
28 silly addNameRange     '1.1.5',
28 silly addNameRange     '1.1.6',
28 silly addNameRange     '1.2.0' ] ]
29 silly addNamed firebase-tools@1.2.0
30 verbose addNamed "1.2.0" is a plain semver version for firebase-tools
31 silly cache afterAdd firebase-tools@1.2.0
32 verbose afterAdd /Users/ryu1031/.npm/firebase-tools/1.2.0/package/package.json not in flight; writing
33 verbose afterAdd /Users/ryu1031/.npm/firebase-tools/1.2.0/package/package.json written
34 silly install resolved [ { name: 'firebase-tools',
34 silly install resolved     description: 'Firebase command line tools',
34 silly install resolved     version: '1.2.0',
34 silly install resolved     author:
34 silly install resolved      { name: 'Firebase',
34 silly install resolved        email: 'support@firebase.com',
34 silly install resolved        url: 'https://www.firebase.com/' },
34 silly install resolved     homepage: 'https://github.com/firebase/firebase-tools/',
34 silly install resolved     repository:
34 silly install resolved      { type: 'git',
34 silly install resolved        url: 'git+https://github.com/firebase/firebase-tools.git' },
34 silly install resolved     bugs: { url: 'https://github.com/firebase/firebase-tools/issues' },
34 silly install resolved     licenses: [ [Object] ],
34 silly install resolved     keywords:
34 silly install resolved      [ 'cdn',
34 silly install resolved        'cli',
34 silly install resolved        'ssl',
34 silly install resolved        'cloud',
34 silly install resolved        'hosting',
34 silly install resolved        'firebase',
34 silly install resolved        'realtime',
34 silly install resolved        'websockets',
34 silly install resolved        'synchronization' ],
34 silly install resolved     preferGlobal: true,
34 silly install resolved     bin: { firebase: './bin/firebase' },
34 silly install resolved     engines: { node: '>=0.10.0' },
34 silly install resolved     engineStrict: true,
34 silly install resolved     files: [ 'bin/**', 'lib/**', 'LICENSE', 'README.md', 'package.json' ],
34 silly install resolved     dependencies:
34 silly install resolved      { chalk: '0.5.x',
34 silly install resolved        filesize: '3.1.2',
34 silly install resolved        firebase: '2.2.x',
34 silly install resolved        'fstream-ignore': '1.0.x',
34 silly install resolved        open: '0.0.x',
34 silly install resolved        optimist: '0.6.x',
34 silly install resolved        progress: '1.1.x',
34 silly install resolved        prompt: '0.2.x',
34 silly install resolved        request: '2.51.x',
34 silly install resolved        'source-map-support': '0.2.7',
34 silly install resolved        'source-processor': '0.0.7',
34 silly install resolved        tar: '1.0.x',
34 silly install resolved        when: '3.6.x' },
34 silly install resolved     devDependencies:
34 silly install resolved      { chai: '^1.10.0',
34 silly install resolved        coveralls: '2.11.2',
34 silly install resolved        gulp: '3.8.10',
34 silly install resolved        'gulp-exit': '0.0.2',
34 silly install resolved        'gulp-istanbul': '0.5.0',
34 silly install resolved        'gulp-jshint': '1.9.0',
34 silly install resolved        'gulp-mocha': '2.0.0',
34 silly install resolved        'jshint-stylish': '1.0.0' },
34 silly install resolved     scripts: { test: 'gulp test', travis: 'gulp' },
34 silly install resolved     gitHead: '539faf6b0871142371ed03af574d2052356fe804',
34 silly install resolved     _id: 'firebase-tools@1.2.0',
34 silly install resolved     _shasum: 'a54068fdd5d04d6299f7554ec55988d396b44274',
34 silly install resolved     _from: 'firebase-tools@*',
34 silly install resolved     _npmVersion: '2.7.5',
34 silly install resolved     _nodeVersion: '0.10.38',
34 silly install resolved     _npmUser: { name: 'firebase', email: 'operations@firebase.com' },
34 silly install resolved     maintainers: [ [Object] ],
34 silly install resolved     dist:
34 silly install resolved      { shasum: 'a54068fdd5d04d6299f7554ec55988d396b44274',
34 silly install resolved        tarball: 'http://registry.npmjs.org/firebase-tools/-/firebase-tools-1.2.0.tgz' },
34 silly install resolved     directories: {},
34 silly install resolved     _resolved: 'https://registry.npmjs.org/firebase-tools/-/firebase-tools-1.2.0.tgz',
34 silly install resolved     readme: 'ERROR: No README data found!' } ]
35 info install firebase-tools@1.2.0 into /usr/local/lib
36 info installOne firebase-tools@1.2.0
37 verbose installOne of firebase-tools to /usr/local/lib not in flight; installing
38 verbose lock using /Users/ryu1031/.npm/_locks/firebase-tools-10d1b8d676fd02fa.lock for /usr/local/lib/node_modules/firebase-tools
39 silly install write writing firebase-tools 1.2.0 to /usr/local/lib/node_modules/firebase-tools
40 verbose unbuild lib/node_modules/firebase-tools
41 info preuninstall firebase-tools@1.2.0
42 info uninstall firebase-tools@1.2.0
43 verbose unbuild rmStuff firebase-tools@1.2.0 from /usr/local/lib/node_modules
44 silly gentlyRm /usr/local/bin/firebase is being gently removed
45 silly gentlyRm verifying /usr/local is an npm working directory
46 silly gentlyRm containing path /usr/local is under npm's control, in /usr/local
47 silly gentlyRm deletion target /usr/local/bin/firebase is under /usr/local
48 verbose gentlyRm vacuuming from /usr/local/bin/firebase up to /usr/local
49 info postuninstall firebase-tools@1.2.0
50 silly gentlyRm /usr/local/lib/node_modules/firebase-tools is being purged from base /usr/local
51 verbose gentlyRm don't care about contents; nuking /usr/local/lib/node_modules/firebase-tools
52 silly vacuum-fs purging /usr/local/lib/node_modules/firebase-tools
53 verbose unlock done using /Users/ryu1031/.npm/_locks/firebase-tools-10d1b8d676fd02fa.lock for /usr/local/lib/node_modules/firebase-tools
54 verbose stack Error: EACCES: permission denied, unlink '/usr/local/lib/node_modules/firebase-tools/LICENSE'
54 verbose stack     at Error (native)
55 verbose cwd /Users/ryu1031/Documents/Development/angular-seed/News-Repo
56 error Darwin 15.0.0
57 error argv "/usr/local/Cellar/node/4.1.1/bin/node" "/usr/local/bin/npm" "install" "-g" "firebase-tools"
58 error node v4.1.1
59 error npm  v2.14.4
60 error path /usr/local/lib/node_modules/firebase-tools/LICENSE
61 error code EACCES
62 error errno -13
63 error syscall unlink
64 error Error: EACCES: permission denied, unlink '/usr/local/lib/node_modules/firebase-tools/LICENSE'
64 error     at Error (native)
64 error  { [Error: EACCES: permission denied, unlink '/usr/local/lib/node_modules/firebase-tools/LICENSE']
64 error   errno: -13,
64 error   code: 'EACCES',
64 error   syscall: 'unlink',
64 error   path: '/usr/local/lib/node_modules/firebase-tools/LICENSE' }
65 error Please try running this command again as root/Administrator.
66 verbose exit [ -13, true ]
67 verbose unbuild lib/node_modules/firebase-tools
68 info preuninstall firebase-tools@1.2.0
69 info uninstall firebase-tools@1.2.0
70 verbose unbuild rmStuff firebase-tools@1.2.0 from /usr/local/lib/node_modules
71 silly gentlyRm /usr/local/bin/firebase is being gently removed
72 silly gentlyRm verifying /usr/local is an npm working directory
73 silly gentlyRm containing path /usr/local is under npm's control, in /usr/local
74 silly gentlyRm deletion target /usr/local/bin/firebase is under /usr/local
75 verbose gentlyRm vacuuming from /usr/local/bin/firebase up to /usr/local
76 info postuninstall firebase-tools@1.2.0
77 silly gentlyRm /usr/local/lib/node_modules/firebase-tools is being purged from base /usr/local
78 verbose gentlyRm don't care about contents; nuking /usr/local/lib/node_modules/firebase-tools
79 silly vacuum-fs purging /usr/local/lib/node_modules/firebase-tools
80 error error rolling back Error: EACCES: permission denied, unlink '/usr/local/lib/node_modules/firebase-tools/LICENSE'
80 error error rolling back     at Error (native)
80 error error rolling back  { [Error: EACCES: permission denied, unlink '/usr/local/lib/node_modules/firebase-tools/LICENSE']
80 error error rolling back   errno: -13,
80 error error rolling back   code: 'EACCES',
80 error error rolling back   syscall: 'unlink',
80 error error rolling back   path: '/usr/local/lib/node_modules/firebase-tools/LICENSE' }
